-------------------------------------------------------------------------------
Test set: TestSuite
-------------------------------------------------------------------------------
Tests run: 6, Failures: 1, Errors: 0, Skipped: 0, Time elapsed: 63.775 sec <<< FAILURE! - in TestSuite
webserviceTestcase(com.ci.demo.WebservicesTest)  Time elapsed: 3.663 sec  <<< FAILURE!
java.lang.AssertionError: expected [true] but found [false]
	at com.ci.demo.WebservicesTest.webserviceTestcase(WebservicesTest.java:44)

